[INFO] [2022-06-25 22:34:48,481]: Ping: Successful 
[ERROR] [2022-06-25 22:34:48,515]: SSH had an EOF error. 
[INFO] [2022-06-25 22:34:48,516]: b'@@@@@@@@@@@@@@@@@@@@@@@@@@@@@@@@@@@@@@@@@@@@@@@@@@@@@@@@@@@\r\r\n@    WARNING: REMOTE HOST IDENTIFICATION HAS CHANGED!     @\r\r\n@@@@@@@@@@@@@@@@@@@@@@@@@@@@@@@@@@@@@@@@@@@@@@@@@@@@@@@@@@@\r\r\nIT IS POSSIBLE THAT SOMEONE IS DOING SOMETHING NASTY!\r\r\nSomeone could be eavesdropping on you right now (man-in-the-middle attack)!\r\r\nIt is also possible that a host key has just been changed.\r\r\nThe fingerprint for the ED25519 key sent by the remote host is\r\nSHA256:Ye+PC+LFRh+I10HbdKQJvNzXcT7Lv9bQEpMpC24pl5Y.\r\r\nPlease contact your system administrator.\r\r\nAdd correct host key in /root/.ssh/known_hosts to get rid of this message.\r\r\nOffending ED25519 key in /root/.ssh/known_hosts:2\r\r\n  remove with:\r\r\n  ssh-keygen -f "/root/.ssh/known_hosts" -R "172.16.101.1"\r\r\nED25519 host key for 172.16.101.1 has changed and you have requested strict checking.\r\r\nHost key verification failed.\r\r\n' 
[INFO] [2022-06-25 22:34:48,516]: <class 'pexpect.exceptions.EOF'> 
[INFO] [2022-06-25 22:34:48,616]: Login failed, will try again in 30 seconds. 
[INFO] [2022-06-25 22:35:18,650]: Ping: Successful 
[INFO] [2022-06-25 22:35:19,884]: Login: Successful 
[INFO] [2022-06-25 22:35:19,884]: Unable to get variables, trying again. 
[INFO] [2022-06-25 22:35:29,898]: Ping: Successful 
[INFO] [2022-06-25 22:35:40,494]: Login: Successful 
[INFO] [2022-06-25 22:35:40,495]: All services are running 
[INFO] [2022-06-25 22:35:40,495]: JAB20165269 has the wrong version: 21.1.3 
[INFO] [2022-06-25 22:35:40,496]: JAB20165269 has versa-flexvnf-20220420-131241-eca39c5-21.1.4-wsm.bin in /home/versa/packages 
[INFO] [2022-06-25 22:36:11,837]: JAB20165269 Successfully started upgrade of device with versa-flexvnf-20220420-131241-eca39c5-21.1.4-wsm.bin. 
[INFO] [2022-06-25 22:36:11,837]: JAB20165269 Waiting 5 minutes for the device to complete upgrade. 
[INFO] [2022-06-25 22:41:11,868]: Ping: Successful 
[INFO] [2022-06-25 22:42:14,308]: Login: Successful 
[INFO] [2022-06-25 22:42:14,309]: Some services have stopped, will try again in 2 minutes. 
[INFO] [2022-06-25 22:44:14,354]: Ping: Successful 
[INFO] [2022-06-25 22:45:16,839]: Login: Successful 
[INFO] [2022-06-25 22:45:16,840]: Some services have stopped, will try again in 2 minutes. 
[INFO] [2022-06-25 22:47:16,921]: Ping: Successful 
[INFO] [2022-06-25 22:47:28,942]: Login: Successful 
[INFO] [2022-06-25 22:47:28,943]: All services are running 
[INFO] [2022-06-25 22:47:28,943]: SERIAL NUMBER: JAB20165269 
[INFO] [2022-06-25 22:47:28,944]: JAB20165269 has the right version: 21.1.4 
[INFO] [2022-06-25 22:47:58,956]: Device does not have WAN interface in correct VRF. 
[INFO] [2022-06-25 22:48:08,970]: Ping: Successful 
[INFO] [2022-06-25 22:48:21,624]: Login: Successful 
[INFO] [2022-06-25 22:48:21,625]: All services are running 
[INFO] [2022-06-25 22:48:21,626]: SERIAL NUMBER: JAB20165269 
[INFO] [2022-06-25 22:48:21,626]: JAB20165269 has the right version: 21.1.4 
[INFO] [2022-06-25 22:48:51,638]: Device does not have WAN interface in correct VRF. 
[INFO] [2022-06-25 22:49:01,650]: Ping: Successful 
[INFO] [2022-06-25 22:50:04,260]: Login: Successful 
[INFO] [2022-06-25 22:50:04,261]: Some services have stopped, will try again in 2 minutes. 
[INFO] [2022-06-25 22:52:04,331]: Ping: Successful 
[INFO] [2022-06-25 22:52:15,804]: Login: Successful 
[INFO] [2022-06-25 22:52:15,805]: All services are running 
[INFO] [2022-06-25 22:52:15,805]: SERIAL NUMBER: JAB20165269 
[INFO] [2022-06-25 22:52:15,806]: JAB20165269 has the right version: 21.1.4 
[INFO] [2022-06-25 22:52:45,827]: Device has WAN interface in correct VRF. 
[INFO] [2022-06-25 22:52:45,828]: Will stop script for 1 minutes, then shutdown device. 
[INFO] [2022-08-28 11:20:29,551]: Ping: Successful 
[INFO] [2022-08-28 11:21:31,369]: Login: Successful 
[INFO] [2022-08-28 11:21:31,369]: Some services have stopped, will try again in 2 minutes. 
[INFO] [2022-08-28 11:23:31,473]: Ping: Successful 
[INFO] [2022-08-28 11:24:33,277]: Login: Successful 
[INFO] [2022-08-28 11:24:33,278]: Some services have stopped, will try again in 2 minutes. 
[INFO] [2022-08-28 11:26:33,381]: Ping: Successful 
[INFO] [2022-08-28 11:26:40,440]: Login: Successful 
[INFO] [2022-08-28 11:26:40,441]: All services are running 
[INFO] [2022-08-28 11:26:40,441]: SERIAL NUMBER: JAB20054512 
[INFO] [2022-08-28 11:26:40,441]: JAB20054512 has the right version: 21.1.4 
[INFO] [2022-08-28 11:27:10,471]: Device has WAN interface in correct VRF. 
[INFO] [2022-08-28 11:27:10,471]: Will stop script for 1 minutes, then shutdown device. 
[INFO] [2022-08-28 11:28:41,284]: COMPLETED JAB20054512 COMPLETED 
[INFO] [2022-08-28 11:28:41,284]: Device is shutting down, will wait 2 minutes. 
[INFO] [2022-08-28 11:28:41,284]: Created file: completed_devices/JAB20054512.log 
[INFO] [2022-08-28 11:28:48,563]: Unable to get variables, trying again. 
[WARNING] [2022-08-28 11:28:49,131]: Session has been stopped with Ctrl+C. 
[INFO] [2022-08-28 11:40:22,633]: Ping: Successful 
[INFO] [2022-08-28 11:40:59,896]: Login failed, will try again in 30 seconds. 
[WARNING] [2022-08-28 11:40:59,989]: Session has been stopped with Ctrl+C. 
[INFO] [2022-08-28 11:41:14,344]: Ping: Successful 
[INFO] [2022-08-28 11:41:15,216]: Login: Successful 
[INFO] [2022-08-28 11:41:15,216]: Unable to get variables, trying again. 
[INFO] [2022-08-28 11:41:25,231]: Ping: Successful 
[INFO] [2022-08-28 11:42:00,925]: Login: Successful 
[INFO] [2022-08-28 11:42:00,926]: Some services have stopped, will try again in 2 minutes. 
[INFO] [2022-08-28 11:42:30,960]: Ping: Successful 
[INFO] [2022-08-28 11:42:42,707]: Login failed, will try again in 30 seconds. 
[WARNING] [2022-08-28 11:42:42,788]: Session has been stopped with Ctrl+C. 
[INFO] [2022-08-28 11:43:13,022]: Ping: Successful 
[INFO] [2022-08-28 11:43:13,551]: Login: Successful 
[INFO] [2022-08-28 11:43:13,551]: Unable to get variables, trying again. 
[INFO] [2022-08-28 11:43:23,566]: Ping: Successful 
[INFO] [2022-08-28 11:44:25,478]: Login: Successful 
[INFO] [2022-08-28 11:44:25,478]: Some services have stopped, will try again in 2 minutes. 
[INFO] [2022-08-28 11:44:55,513]: Ping: Successful 
[INFO] [2022-08-28 11:45:57,446]: Login: Successful 
[INFO] [2022-08-28 11:45:57,447]: Some services have stopped, will try again in 2 minutes. 
[INFO] [2022-08-28 11:46:10,341]: Unable to get variables, trying again. 
[WARNING] [2022-08-28 11:46:10,542]: Session has been stopped with Ctrl+C. 
[INFO] [2022-08-28 11:46:31,052]: Ping: Successful 
[INFO] [2022-08-28 11:47:32,976]: Login: Successful 
[INFO] [2022-08-28 11:47:32,977]: Some services have stopped, will try again in 2 minutes. 
[INFO] [2022-08-28 11:47:37,038]: Unable to get variables, trying again. 
[WARNING] [2022-08-28 11:47:37,223]: Session has been stopped with Ctrl+C. 
[INFO] [2022-08-28 11:49:30,010]: Ping: Successful 
[INFO] [2022-08-28 11:50:31,927]: Login: Successful 
[INFO] [2022-08-28 11:50:31,928]: Some services have stopped, will try again in 2 minutes. 
[INFO] [2022-08-28 11:50:35,559]: Unable to get variables, trying again. 
[WARNING] [2022-08-28 11:50:35,748]: Session has been stopped with Ctrl+C. 
[INFO] [2022-08-28 11:50:54,156]: Ping: Successful 
[INFO] [2022-08-28 11:51:56,076]: Login: Successful 
[INFO] [2022-08-28 11:51:56,077]: Some services have stopped, will try again in 2 minutes. 
[INFO] [2022-08-28 11:52:26,111]: Ping: Successful 
[INFO] [2022-08-28 11:53:28,028]: Login: Successful 
[INFO] [2022-08-28 11:53:28,028]: Some services have stopped, will try again in 2 minutes. 
[INFO] [2022-08-28 11:53:41,423]: Unable to get variables, trying again. 
[WARNING] [2022-08-28 11:53:41,628]: Session has been stopped with Ctrl+C. 
[INFO] [2022-08-28 11:55:35,448]: Ping: Successful 
[INFO] [2022-08-28 11:56:37,317]: Login: Successful 
[INFO] [2022-08-28 11:56:37,317]: Some services have stopped, will try again in 2 minutes. 
[INFO] [2022-08-28 11:56:42,196]: Unable to get variables, trying again. 
[WARNING] [2022-08-28 11:56:42,377]: Session has been stopped with Ctrl+C. 
[INFO] [2022-08-28 11:58:12,566]: Ping: Successful 
[INFO] [2022-08-28 11:59:15,332]: Login: Successful 
[INFO] [2022-08-28 11:59:15,333]: Some services have stopped, will try again in 2 minutes. 
[INFO] [2022-08-28 11:59:37,758]: Unable to get variables, trying again. 
[WARNING] [2022-08-28 11:59:37,961]: Session has been stopped with Ctrl+C. 
[INFO] [2022-08-28 12:03:13,735]: Ping: Successful 
[INFO] [2022-08-28 12:04:15,603]: Login: Successful 
[INFO] [2022-08-28 12:04:15,603]: Some services have stopped, will try again in 2 minutes. 
[INFO] [2022-08-28 12:04:18,360]: Unable to get variables, trying again. 
[WARNING] [2022-08-28 12:04:18,555]: Session has been stopped with Ctrl+C. 
[INFO] [2022-08-28 12:05:53,826]: Ping: Successful 
[INFO] [2022-08-28 12:06:55,698]: Login: Successful 
[INFO] [2022-08-28 12:06:55,699]: Some services have stopped, will try again in 2 minutes. 
[INFO] [2022-08-28 12:06:55,699]: Unable to get variables, trying again. 
[INFO] [2022-08-28 12:07:05,712]: Ping: Successful 
[INFO] [2022-08-28 12:08:07,569]: Login: Successful 
[INFO] [2022-08-28 12:08:07,569]: Some services have stopped, will try again in 2 minutes. 
[INFO] [2022-08-28 12:08:07,569]: Unable to get variables, trying again. 
[WARNING] [2022-08-28 12:08:10,751]: Session has been stopped with Ctrl+C. 
[INFO] [2022-08-28 12:08:36,105]: Ping: Successful 
[INFO] [2022-08-28 12:09:37,977]: Login: Successful 
[INFO] [2022-08-28 12:09:37,977]: Some services have stopped, will try again in 2 minutes. 
[INFO] [2022-08-28 12:09:37,977]: Unable to get variables, trying again. 
[WARNING] [2022-08-28 12:09:39,974]: Session has been stopped with Ctrl+C. 
[INFO] [2022-08-28 12:09:49,330]: Ping: Successful 
[INFO] [2022-08-28 12:10:51,210]: Login: Successful 
[INFO] [2022-08-28 12:10:51,211]: Some services have stopped, will try again in 2 minutes. 
[INFO] [2022-08-28 12:11:01,206]: Unable to get variables, trying again. 
[WARNING] [2022-08-28 12:11:01,401]: Session has been stopped with Ctrl+C. 
[INFO] [2022-08-28 12:11:07,794]: Ping: Successful 
[INFO] [2022-08-28 12:11:13,842]: Login: Successful 
[INFO] [2022-08-28 12:11:13,842]: Some services have stopped, will try again in 2 minutes. 
[INFO] [2022-08-28 12:11:13,842]: Unable to get variables, trying again. 
[INFO] [2022-08-28 12:11:23,855]: Ping: Successful 
[INFO] [2022-08-28 12:12:27,182]: Login: Successful 
[INFO] [2022-08-28 12:12:27,182]: Some services have stopped, will try again in 2 minutes. 
[INFO] [2022-08-28 12:12:27,182]: Unable to get variables, trying again. 
[INFO] [2022-08-28 12:12:37,195]: Ping: Successful 
[INFO] [2022-08-28 12:12:42,126]: Login: Successful 
[INFO] [2022-08-28 12:12:42,127]: Some services have stopped, will try again in 2 minutes. 
[INFO] [2022-08-28 12:12:42,127]: Unable to get variables, trying again. 
[INFO] [2022-08-28 12:12:52,139]: Ping: Successful 
[INFO] [2022-08-28 12:13:54,007]: Login: Successful 
[INFO] [2022-08-28 12:13:54,007]: Some services have stopped, will try again in 2 minutes. 
[INFO] [2022-08-28 12:13:54,007]: Unable to get variables, trying again. 
[INFO] [2022-08-28 12:14:04,020]: Ping: Successful 
[INFO] [2022-08-28 12:14:12,298]: Login failed, will try again in 30 seconds. 
[WARNING] [2022-08-28 12:14:12,390]: Session has been stopped with Ctrl+C. 
[INFO] [2022-08-28 12:20:05,376]: Ping: Successful 
[INFO] [2022-08-28 12:20:05,902]: Login: Successful 
[INFO] [2022-08-28 12:20:05,902]: Unable to get variables, trying again. 
[INFO] [2022-08-28 12:20:47,593]: Ping: Successful 
[INFO] [2022-08-28 12:21:49,487]: Login: Successful 
[INFO] [2022-08-28 12:21:49,488]: Some services have stopped, will try again in 2 minutes. 
[INFO] [2022-08-28 12:21:49,488]: Unable to get variables, trying again. 
[INFO] [2022-08-28 12:25:52,267]: Ping: Successful 
[INFO] [2022-08-28 12:25:55,992]: Login failed, will try again in 30 seconds. 
[WARNING] [2022-08-28 12:25:56,069]: Session has been stopped with Ctrl+C. 
[INFO] [2022-08-28 12:26:06,978]: Ping: Successful 
[INFO] [2022-08-28 12:26:07,513]: Login: Successful 
[INFO] [2022-08-28 12:26:07,513]: Unable to get variables, trying again. 
[INFO] [2022-08-28 12:26:08,055]: Successfully updated clock  
[INFO] [2022-08-28 12:26:28,079]: Ping: Successful 
[INFO] [2022-08-28 12:27:03,078]: Login failed, will try again in 30 seconds. 
[WARNING] [2022-08-28 12:27:03,147]: Session has been stopped with Ctrl+C. 
[INFO] [2022-08-28 12:27:04,217]: Ping: Successful 
[INFO] [2022-08-28 12:27:04,737]: Login: Successful 
[INFO] [2022-08-28 12:27:04,737]: Unable to get variables, trying again. 
[INFO] [2022-08-28 12:27:05,346]: Successfully updated clock  
[WARNING] [2022-08-28 12:27:16,180]: Session has been stopped with Ctrl+C. 
[INFO] [2022-08-28 12:27:50,942]: Ping: Successful 
[INFO] [2022-08-28 12:28:52,811]: Login: Successful 
[INFO] [2022-08-28 12:28:52,811]: Some services have stopped, will try again in 2 minutes. 
[INFO] [2022-08-28 12:29:08,631]: Unable to get variables, trying again. 
[INFO] [2022-08-28 12:29:08,902]: Failed to update clock. 
[WARNING] [2022-08-28 12:29:08,946]: Session has been stopped with Ctrl+C. 
[INFO] [2022-08-28 12:29:09,774]: Ping: Successful 
[INFO] [2022-08-28 12:30:11,647]: Login: Successful 
[INFO] [2022-08-28 12:30:11,648]: Some services have stopped, will try again in 2 minutes. 
[INFO] [2022-08-28 12:30:41,681]: Ping: Successful 
[INFO] [2022-08-28 12:31:11,433]: Login failed, will try again in 30 seconds. 
[WARNING] [2022-08-28 12:31:11,512]: Session has been stopped with Ctrl+C. 
[INFO] [2022-08-28 12:31:12,384]: Ping: Successful 
[INFO] [2022-08-28 12:31:12,908]: Login: Successful 
[INFO] [2022-08-28 12:31:12,908]: Unable to get variables, trying again. 
[INFO] [2022-08-28 12:32:13,773]: Successfully updated clock  
[INFO] [2022-08-28 12:32:33,797]: Ping: Successful 
[INFO] [2022-08-28 12:32:41,096]: Login: Successful 
[INFO] [2022-08-28 12:32:41,096]: All services are running 
[INFO] [2022-08-28 12:32:41,096]: SERIAL NUMBER: JAB20054512 
[INFO] [2022-08-28 12:32:41,096]: JAB20054512 has the right version: 21.1.4 
[INFO] [2022-08-28 12:33:11,127]: Device has WAN interface in correct VRF. 
[INFO] [2022-08-28 12:33:11,127]: Will stop script for 1 minutes, then shutdown device. 
[INFO] [2022-08-28 12:34:41,951]: COMPLETED JAB20054512 COMPLETED 
[INFO] [2022-08-28 12:34:41,951]: Device is shutting down, will wait 2 minutes. 
[INFO] [2022-08-28 12:34:41,951]: Created file: completed_devices/JAB20054512.log 
[INFO] [2022-08-28 12:35:04,872]: Unable to get variables, trying again. 
[INFO] [2022-08-28 12:35:05,139]: Failed to update clock. 
[WARNING] [2022-08-28 12:35:05,191]: Session has been stopped with Ctrl+C. 
[INFO] [2022-08-28 12:47:01,209]: Ping: Successful 
[INFO] [2022-08-28 12:47:06,771]: Login: Successful 
[INFO] [2022-08-28 12:47:06,771]: Some services have stopped, will try again in 2 minutes. 
[INFO] [2022-08-28 12:47:39,028]: Successfully updated clock  
[INFO] [2022-08-28 12:47:49,042]: Ping: Successful 
[INFO] [2022-08-28 12:47:56,265]: Login: Successful 
[INFO] [2022-08-28 12:47:56,265]: All services are running 
[INFO] [2022-08-28 12:47:56,266]: SERIAL NUMBER: JAB20054512 
[INFO] [2022-08-28 12:47:56,266]: JAB20054512 has the right version: 21.1.4 
[INFO] [2022-08-28 12:48:26,283]: Device has WAN interface in correct VRF. 
[INFO] [2022-08-28 12:48:26,283]: Will stop script for 1 minutes, then shutdown device. 
[INFO] [2022-08-28 12:49:57,102]: COMPLETED JAB20054512 COMPLETED 
[INFO] [2022-08-28 12:49:57,103]: Device is shutting down, will wait 2 minutes. 
[INFO] [2022-08-28 12:49:57,103]: Created file: completed_devices/JAB20054512.log 
[INFO] [2022-08-29 05:09:44,804]: Ping: Successful 
[INFO] [2022-08-29 05:09:45,410]: Login failed, will try again in 30 seconds. 
[INFO] [2022-08-29 05:11:46,919]: Ping: Successful 
[INFO] [2022-08-29 05:11:47,771]: Login: Successful 
[INFO] [2022-08-29 05:11:47,772]: Unable to get variables, trying again. 
[INFO] [2022-08-29 05:12:20,339]: Successfully updated clock  
[INFO] [2022-08-29 05:12:40,363]: Ping: Successful 
[INFO] [2022-08-29 05:12:54,157]: Login: Successful 
[INFO] [2022-08-29 05:12:54,158]: All services are running 
[INFO] [2022-08-29 05:12:54,158]: JAB20054512 has the wrong version: 16.1-R2 
[INFO] [2022-08-29 05:12:54,159]: starting upload of image 
[INFO] [2022-08-29 05:12:54,161]: JAB20054512 Failed to upload versa-flexvnf-20220420-131241-eca39c5-21.1.4-wsm.bin to /home/versa/packages 
[INFO] [2022-08-29 05:13:24,194]: Ping: Successful 
[INFO] [2022-08-29 05:13:28,991]: Login: Successful 
[INFO] [2022-08-29 05:13:28,992]: All services are running 
[INFO] [2022-08-29 05:13:28,992]: JAB20054512 has the wrong version: 16.1-R2 
[INFO] [2022-08-29 05:13:28,992]: starting upload of image 
[INFO] [2022-08-29 05:13:28,995]: JAB20054512 Failed to upload versa-flexvnf-20220420-131241-eca39c5-21.1.4-wsm.bin to /home/versa/packages 
[INFO] [2022-08-29 05:13:59,028]: Ping: Successful 
[INFO] [2022-08-29 05:14:03,845]: Login: Successful 
[INFO] [2022-08-29 05:14:03,846]: All services are running 
[INFO] [2022-08-29 05:14:03,846]: JAB20054512 has the wrong version: 16.1-R2 
[INFO] [2022-08-29 05:14:03,847]: starting upload of image 
[INFO] [2022-08-29 05:14:03,849]: JAB20054512 Failed to upload versa-flexvnf-20220420-131241-eca39c5-21.1.4-wsm.bin to /home/versa/packages 
[INFO] [2022-08-29 05:14:33,884]: Ping: Successful 
[INFO] [2022-08-29 05:14:38,675]: Login: Successful 
[INFO] [2022-08-29 05:14:38,676]: All services are running 
[INFO] [2022-08-29 05:14:38,676]: JAB20054512 has the wrong version: 16.1-R2 
[INFO] [2022-08-29 05:14:38,676]: starting upload of image 
[INFO] [2022-08-29 05:14:38,678]: JAB20054512 Failed to upload versa-flexvnf-20220420-131241-eca39c5-21.1.4-wsm.bin to /home/versa/packages 
[INFO] [2022-08-29 05:15:08,712]: Ping: Successful 
[INFO] [2022-08-29 05:15:13,499]: Login: Successful 
[INFO] [2022-08-29 05:15:13,499]: All services are running 
[INFO] [2022-08-29 05:15:13,500]: JAB20054512 has the wrong version: 16.1-R2 
[INFO] [2022-08-29 05:15:13,500]: starting upload of image 
[INFO] [2022-08-29 05:15:13,501]: JAB20054512 Failed to upload versa-flexvnf-20220420-131241-eca39c5-21.1.4-wsm.bin to /home/versa/packages 
[INFO] [2022-08-29 05:15:43,535]: Ping: Successful 
[INFO] [2022-08-29 05:15:48,309]: Login: Successful 
[INFO] [2022-08-29 05:15:48,310]: All services are running 
[INFO] [2022-08-29 05:15:48,310]: JAB20054512 has the wrong version: 16.1-R2 
[INFO] [2022-08-29 05:15:48,310]: starting upload of image 
[INFO] [2022-08-29 05:15:48,312]: JAB20054512 Failed to upload versa-flexvnf-20220420-131241-eca39c5-21.1.4-wsm.bin to /home/versa/packages 
[INFO] [2022-08-29 05:16:18,346]: Ping: Successful 
[INFO] [2022-08-29 05:16:23,108]: Login: Successful 
[INFO] [2022-08-29 05:16:23,108]: All services are running 
[INFO] [2022-08-29 05:16:23,109]: JAB20054512 has the wrong version: 16.1-R2 
[INFO] [2022-08-29 05:16:23,109]: starting upload of image 
[INFO] [2022-08-29 05:16:23,111]: JAB20054512 Failed to upload versa-flexvnf-20220420-131241-eca39c5-21.1.4-wsm.bin to /home/versa/packages 
[INFO] [2022-08-29 05:16:53,145]: Ping: Successful 
[INFO] [2022-08-29 05:16:57,927]: Login: Successful 
[INFO] [2022-08-29 05:16:57,928]: All services are running 
[INFO] [2022-08-29 05:16:57,928]: JAB20054512 has the wrong version: 16.1-R2 
[INFO] [2022-08-29 05:16:57,928]: starting upload of image 
[INFO] [2022-08-29 05:16:57,930]: JAB20054512 Failed to upload versa-flexvnf-20220420-131241-eca39c5-21.1.4-wsm.bin to /home/versa/packages 
[INFO] [2022-08-29 05:17:27,964]: Ping: Successful 
[INFO] [2022-08-29 05:17:32,774]: Login: Successful 
[INFO] [2022-08-29 05:17:32,774]: All services are running 
[INFO] [2022-08-29 05:17:32,775]: JAB20054512 has the wrong version: 16.1-R2 
[INFO] [2022-08-29 05:17:32,775]: starting upload of image 
[INFO] [2022-08-29 05:17:32,777]: JAB20054512 Failed to upload versa-flexvnf-20220420-131241-eca39c5-21.1.4-wsm.bin to /home/versa/packages 
[INFO] [2022-08-29 05:18:02,811]: Ping: Successful 
[INFO] [2022-08-29 05:18:07,596]: Login: Successful 
[INFO] [2022-08-29 05:18:07,597]: All services are running 
[INFO] [2022-08-29 05:18:07,597]: JAB20054512 has the wrong version: 16.1-R2 
[INFO] [2022-08-29 05:18:07,597]: starting upload of image 
[INFO] [2022-08-29 05:18:07,599]: JAB20054512 Failed to upload versa-flexvnf-20220420-131241-eca39c5-21.1.4-wsm.bin to /home/versa/packages 
[INFO] [2022-08-29 05:18:37,632]: Ping: Successful 
[INFO] [2022-08-29 05:18:42,461]: Login: Successful 
[INFO] [2022-08-29 05:18:42,462]: All services are running 
[INFO] [2022-08-29 05:18:42,462]: JAB20054512 has the wrong version: 16.1-R2 
[INFO] [2022-08-29 05:18:42,462]: starting upload of image 
[INFO] [2022-08-29 05:18:42,464]: JAB20054512 Failed to upload versa-flexvnf-20220420-131241-eca39c5-21.1.4-wsm.bin to /home/versa/packages 
[INFO] [2022-08-29 05:19:04,629]: Ping: Successful 
[INFO] [2022-08-29 05:19:09,435]: Login: Successful 
[INFO] [2022-08-29 05:19:09,437]: All services are running 
[INFO] [2022-08-29 05:19:09,437]: JAB20054512 has the wrong version: 16.1-R2 
[INFO] [2022-08-29 05:19:09,437]: starting upload of image 
[INFO] [2022-08-29 05:19:09,439]: JAB20054512 Failed to upload versa-flexvnf-20220420-131241-eca39c5-21.1.4-wsm.bin to /home/versa/packages 
[INFO] [2022-08-29 05:19:39,474]: Ping: Successful 
[INFO] [2022-08-29 05:19:44,259]: Login: Successful 
[INFO] [2022-08-29 05:19:44,259]: All services are running 
[INFO] [2022-08-29 05:19:44,260]: JAB20054512 has the wrong version: 16.1-R2 
[INFO] [2022-08-29 05:19:44,260]: starting upload of image 
[INFO] [2022-08-29 05:19:44,262]: JAB20054512 Failed to upload versa-flexvnf-20220420-131241-eca39c5-21.1.4-wsm.bin to /home/versa/packages 
[INFO] [2022-08-29 05:20:14,297]: Ping: Successful 
[INFO] [2022-08-29 05:20:19,080]: Login: Successful 
[INFO] [2022-08-29 05:20:19,081]: All services are running 
[INFO] [2022-08-29 05:20:19,081]: JAB20054512 has the wrong version: 16.1-R2 
[INFO] [2022-08-29 05:20:19,082]: starting upload of image 
[INFO] [2022-08-29 05:20:19,084]: JAB20054512 Failed to upload versa-flexvnf-20220420-131241-eca39c5-21.1.4-wsm.bin to /home/versa/packages 
[INFO] [2022-08-29 05:20:43,223]: Ping: Successful 
[INFO] [2022-08-29 05:20:47,616]: Login: Successful 
[INFO] [2022-08-29 05:20:47,616]: All services are running 
[INFO] [2022-08-29 05:20:47,616]: JAB20054512 has the wrong version: 16.1-R2 
[INFO] [2022-08-29 05:20:47,617]: starting upload of image 
[INFO] [2022-08-29 05:20:47,618]: JAB20054512 Failed to upload versa-flexvnf-20220420-131241-eca39c5-21.1.4-wsm.bin to /home/versa/packages 
[INFO] [2022-08-29 05:20:51,083]: Unable to get variables, trying again. 
[INFO] [2022-08-29 05:20:51,350]: Failed to update clock. 
[WARNING] [2022-08-29 05:20:51,416]: Session has been stopped with Ctrl+C. 
[INFO] [2022-08-29 05:21:20,972]: Ping: Successful 
[INFO] [2022-08-29 05:21:25,808]: Login: Successful 
[INFO] [2022-08-29 05:21:25,810]: All services are running 
[INFO] [2022-08-29 05:21:25,810]: JAB20054512 has the wrong version: 16.1-R2 
[INFO] [2022-08-29 05:21:25,811]: starting upload of image 
[INFO] [2022-08-29 05:21:38,863]:  
[INFO] [2022-08-29 05:21:38,864]: JAB20054512 Successfully uploaded versa-flexvnf-20220420-131241-eca39c5-21.1.4-wsm.bin to /home/versa/packages 
[INFO] [2022-08-29 05:22:19,849]: JAB20054512 Successfully started upgrade of device with versa-flexvnf-20220420-131241-eca39c5-21.1.4-wsm.bin. 
[INFO] [2022-08-29 05:22:19,849]: JAB20054512 Waiting 5 minutes for the device to complete upgrade. 
[INFO] [2022-08-29 05:27:19,954]: Ping: Successful 
[INFO] [2022-08-29 05:27:25,965]: Login: Successful 
[INFO] [2022-08-29 05:27:25,966]: Some services have stopped, will try again in 2 minutes. 
[INFO] [2022-08-29 05:28:01,263]: Successfully updated clock  
[INFO] [2022-08-29 05:28:11,278]: Ping: Successful 
[INFO] [2022-08-29 05:28:11,885]: Login failed, will try again in 30 seconds. 
[INFO] [2022-08-29 05:29:01,926]: Ping: Successful 
[INFO] [2022-08-29 05:29:02,533]: Login failed, will try again in 30 seconds. 
[INFO] [2022-08-29 05:29:32,568]: Ping: Successful 
[INFO] [2022-08-29 05:29:33,594]: Login: Successful 
[INFO] [2022-08-29 05:29:33,595]: Unable to get variables, trying again. 
[INFO] [2022-08-29 05:30:34,987]: Successfully updated clock  
[INFO] [2022-08-29 05:30:55,012]: Ping: Successful 
[INFO] [2022-08-29 05:31:02,101]: Login: Successful 
[INFO] [2022-08-29 05:31:02,101]: All services are running 
[INFO] [2022-08-29 05:31:02,101]: SERIAL NUMBER: JAB20054512 
[INFO] [2022-08-29 05:31:02,101]: JAB20054512 has the right version: 21.1.4 
[INFO] [2022-08-29 05:31:32,132]: Device does not have WAN interface in correct VRF. 
[INFO] [2022-08-29 05:31:42,147]: Ping: Successful 
[INFO] [2022-08-29 05:31:49,180]: Login: Successful 
[INFO] [2022-08-29 05:31:49,181]: All services are running 
[INFO] [2022-08-29 05:31:49,181]: SERIAL NUMBER: JAB20054512 
[INFO] [2022-08-29 05:31:49,181]: JAB20054512 has the right version: 21.1.4 
[INFO] [2022-08-29 05:32:19,191]: Device does not have WAN interface in correct VRF. 
[INFO] [2022-08-29 05:32:29,205]: Ping: Successful 
[INFO] [2022-08-29 05:32:36,177]: Login: Successful 
[INFO] [2022-08-29 05:32:36,177]: All services are running 
[INFO] [2022-08-29 05:32:36,177]: SERIAL NUMBER: JAB20054512 
[INFO] [2022-08-29 05:32:36,178]: JAB20054512 has the right version: 21.1.4 
[INFO] [2022-08-29 05:33:06,208]: Device does not have WAN interface in correct VRF. 
[INFO] [2022-08-29 05:33:16,222]: Ping: Successful 
[INFO] [2022-08-29 05:33:23,692]: Login: Successful 
[INFO] [2022-08-29 05:33:23,693]: All services are running 
[INFO] [2022-08-29 05:33:23,693]: SERIAL NUMBER: JAB20054512 
[INFO] [2022-08-29 05:33:23,693]: JAB20054512 has the right version: 21.1.4 
[INFO] [2022-08-29 05:33:53,724]: Device does not have WAN interface in correct VRF. 
[INFO] [2022-08-29 05:35:23,150]: Ping: Successful 
[INFO] [2022-08-29 05:35:30,584]: Login: Successful 
[INFO] [2022-08-29 05:35:30,585]: All services are running 
[INFO] [2022-08-29 05:35:30,586]: SERIAL NUMBER: JAB20054512 
[INFO] [2022-08-29 05:35:30,586]: JAB20054512 has the right version: 21.1.4 
[INFO] [2022-08-29 05:36:00,616]: Device has WAN interface in correct VRF. 
[INFO] [2022-08-29 05:36:00,617]: Will stop script for 1 minutes, then shutdown device. 
[INFO] [2022-08-29 05:37:31,845]: COMPLETED JAB20054512 COMPLETED 
[INFO] [2022-08-29 05:37:31,846]: Device is shutting down, will wait 2 minutes. 
[INFO] [2022-08-29 05:37:31,847]: Created file: completed_devices/JAB20054512.log 
[INFO] [2022-10-25 06:23:49,927]: Ping: Successful 
[INFO] [2022-10-25 06:23:50,543]: Login failed, will try again in 30 seconds. 
[INFO] [2022-10-25 06:24:20,578]: Ping: Successful 
[INFO] [2022-10-25 06:24:50,900]: Login: Successful 
[INFO] [2022-10-25 06:24:50,901]: Unable to get variables, trying again. 
[INFO] [2022-10-25 06:25:58,619]: Successfully updated clock  
[INFO] [2022-10-25 06:26:18,644]: Ping: Successful 
[ERROR] [2022-10-25 06:26:48,678]: SSH timed out. 
[INFO] [2022-10-25 06:26:48,679]: b'' 
[INFO] [2022-10-25 06:26:48,679]: <class 'pexpect.exceptions.TIMEOUT'> 
[INFO] [2022-10-25 06:26:49,481]: Login failed, will try again in 30 seconds. 
[INFO] [2022-10-25 06:27:19,490]: Ping: Successful 
[ERROR] [2022-10-25 06:27:49,524]: SSH timed out. 
[INFO] [2022-10-25 06:27:49,525]: b'' 
[INFO] [2022-10-25 06:27:49,525]: <class 'pexpect.exceptions.TIMEOUT'> 
[INFO] [2022-10-25 06:27:50,328]: Login failed, will try again in 30 seconds. 
[INFO] [2022-10-25 06:28:20,363]: Ping: Successful 
[ERROR] [2022-10-25 06:28:50,397]: SSH timed out. 
[INFO] [2022-10-25 06:28:50,397]: b'' 
[INFO] [2022-10-25 06:28:50,398]: <class 'pexpect.exceptions.TIMEOUT'> 
[INFO] [2022-10-25 06:28:51,200]: Login failed, will try again in 30 seconds. 
[INFO] [2022-10-25 06:29:21,236]: Ping: Successful 
[ERROR] [2022-10-25 06:29:51,270]: SSH timed out. 
[INFO] [2022-10-25 06:29:51,271]: b'' 
[INFO] [2022-10-25 06:29:51,271]: <class 'pexpect.exceptions.TIMEOUT'> 
[INFO] [2022-10-25 06:29:52,074]: Login failed, will try again in 30 seconds. 
[INFO] [2022-10-25 06:30:22,109]: Ping: Successful 
[ERROR] [2022-10-25 06:30:52,126]: SSH timed out. 
[INFO] [2022-10-25 06:30:52,127]: b'' 
[INFO] [2022-10-25 06:30:52,127]: <class 'pexpect.exceptions.TIMEOUT'> 
[INFO] [2022-10-25 06:30:52,930]: Login failed, will try again in 30 seconds. 
[INFO] [2022-10-25 06:31:22,965]: Ping: Successful 
[ERROR] [2022-10-25 06:31:52,999]: SSH timed out. 
[INFO] [2022-10-25 06:31:53,000]: b'' 
[INFO] [2022-10-25 06:31:53,000]: <class 'pexpect.exceptions.TIMEOUT'> 
[INFO] [2022-10-25 06:31:53,802]: Login failed, will try again in 30 seconds. 
[INFO] [2022-10-25 06:32:23,830]: Ping: Successful 
[ERROR] [2022-10-25 06:32:53,834]: SSH timed out. 
[INFO] [2022-10-25 06:32:53,835]: b'' 
[INFO] [2022-10-25 06:32:53,835]: <class 'pexpect.exceptions.TIMEOUT'> 
[INFO] [2022-10-25 06:32:54,637]: Login failed, will try again in 30 seconds. 
[INFO] [2022-10-25 06:33:24,673]: Ping: Successful 
[ERROR] [2022-10-25 06:33:54,706]: SSH timed out. 
[INFO] [2022-10-25 06:33:54,707]: b'' 
[INFO] [2022-10-25 06:33:54,708]: <class 'pexpect.exceptions.TIMEOUT'> 
[INFO] [2022-10-25 06:33:55,510]: Login failed, will try again in 30 seconds. 
[INFO] [2022-10-25 06:34:25,545]: Ping: Successful 
[ERROR] [2022-10-25 06:34:55,579]: SSH timed out. 
[INFO] [2022-10-25 06:34:55,579]: b'' 
[INFO] [2022-10-25 06:34:55,580]: <class 'pexpect.exceptions.TIMEOUT'> 
[INFO] [2022-10-25 06:34:56,382]: Login failed, will try again in 30 seconds. 
[INFO] [2022-10-25 06:35:26,402]: Ping: Successful 
[ERROR] [2022-10-25 06:35:56,435]: SSH timed out. 
[INFO] [2022-10-25 06:35:56,436]: b'' 
[INFO] [2022-10-25 06:35:56,437]: <class 'pexpect.exceptions.TIMEOUT'> 
[INFO] [2022-10-25 06:35:57,239]: Login failed, will try again in 30 seconds. 
[INFO] [2022-10-25 06:36:27,274]: Ping: Successful 
[INFO] [2022-10-25 06:36:57,593]: Login: Successful 
[INFO] [2022-10-25 06:36:57,593]: Unable to get variables, trying again. 
[INFO] [2022-10-25 06:38:05,645]: Successfully updated clock  
[INFO] [2022-10-25 06:38:25,662]: Ping: Successful 
[ERROR] [2022-10-25 06:38:55,666]: SSH timed out. 
[INFO] [2022-10-25 06:38:55,667]: b'' 
[INFO] [2022-10-25 06:38:55,667]: <class 'pexpect.exceptions.TIMEOUT'> 
[INFO] [2022-10-25 06:38:56,470]: Login failed, will try again in 30 seconds. 
[INFO] [2022-10-25 06:40:06,518]: Ping: Successful 
[INFO] [2022-10-25 06:40:07,129]: Login failed, will try again in 30 seconds. 
[INFO] [2022-10-25 07:16:26,705]: Ping: Successful 
[INFO] [2022-10-25 07:16:27,838]: Login: Successful 
[INFO] [2022-10-25 07:16:27,840]: Unable to get variables, trying again. 
[INFO] [2022-10-25 07:17:00,760]: Successfully updated clock  
[INFO] [2022-10-25 07:17:20,785]: Ping: Successful 
[INFO] [2022-10-25 07:17:28,568]: Login: Successful 
[INFO] [2022-10-25 07:17:28,569]: All services are running 
[INFO] [2022-10-25 07:17:28,569]: JAB19302045 has the wrong version: 20.2.2 
[INFO] [2022-10-25 07:17:28,569]: starting upload of image 
[INFO] [2022-10-25 07:17:47,525]:  
[INFO] [2022-10-25 07:17:47,526]: JAB19302045 Successfully uploaded versa-flexvnf-20220825-091216-4459201-21.1.4-wsm.bin to /home/versa/packages 
[INFO] [2022-10-25 07:18:28,878]: JAB19302045 Successfully started upgrade of device with versa-flexvnf-20220825-091216-4459201-21.1.4-wsm.bin. 
[INFO] [2022-10-25 07:18:28,878]: JAB19302045 Waiting 5 minutes for the device to complete upgrade. 
[INFO] [2022-10-25 07:23:28,930]: Ping: Successful 
[INFO] [2022-10-25 07:24:31,650]: Login: Successful 
[INFO] [2022-10-25 07:24:31,651]: Some services have stopped, will try again in 1 minute. 
[INFO] [2022-10-25 07:25:33,078]: Successfully updated clock  
[INFO] [2022-10-25 07:26:33,095]: Ping: Successful 
[INFO] [2022-10-25 07:26:33,705]: Login failed, will try again in 30 seconds. 
[INFO] [2022-10-25 07:27:03,741]: Ping: Successful 
[INFO] [2022-10-25 07:27:05,313]: Login: Successful 
[INFO] [2022-10-25 07:27:05,313]: Unable to get variables, trying again. 
[INFO] [2022-10-25 07:28:06,975]: Successfully updated clock  
[INFO] [2022-10-25 07:28:27,000]: Ping: Successful 
[INFO] [2022-10-25 07:28:40,159]: Login: Successful 
[INFO] [2022-10-25 07:28:40,160]: All services are running 
[INFO] [2022-10-25 07:28:40,160]: SERIAL NUMBER: JAB19302045 
[INFO] [2022-10-25 07:28:40,160]: JAB19302045 has the right version: 21.1.4 
[INFO] [2022-10-25 07:29:10,191]: Device has WAN interface in correct VRF. 
[INFO] [2022-10-25 07:29:10,192]: Will stop script for 1 minutes, then shutdown device. 
[INFO] [2022-10-25 07:30:41,559]: COMPLETED JAB19302045 COMPLETED 
[INFO] [2022-10-25 07:30:41,560]: Device is shutting down, will wait 2 minutes. 
[INFO] [2022-10-25 07:30:41,560]: Created file: completed_devices/JAB19302045.log 
[INFO] [2022-10-25 07:52:42,396]: Ping: Successful 
[INFO] [2022-10-25 07:54:14,363]: Login: Successful 
[INFO] [2022-10-25 07:54:14,364]: Status is not stopped or running 
[INFO] [2022-10-25 07:54:24,378]: Ping: Successful 
[INFO] [2022-10-25 07:55:56,337]: Login: Successful 
[INFO] [2022-10-25 07:55:56,337]: Status is not stopped or running 
[INFO] [2022-10-25 07:56:06,352]: Ping: Successful 
[INFO] [2022-10-25 07:57:38,708]: Login: Successful 
[INFO] [2022-10-25 07:57:38,709]: Status is not stopped or running 
[INFO] [2022-10-25 07:57:48,724]: Ping: Successful 
[INFO] [2022-10-25 07:59:20,691]: Login: Successful 
[INFO] [2022-10-25 07:59:20,692]: Status is not stopped or running 
[INFO] [2022-10-25 07:59:30,706]: Ping: Successful 
[INFO] [2022-10-25 08:01:03,015]: Login: Successful 
[INFO] [2022-10-25 08:01:03,016]: Status is not stopped or running 
[INFO] [2022-10-25 08:01:13,030]: Ping: Successful 
[INFO] [2022-10-25 08:02:45,378]: Login: Successful 
[INFO] [2022-10-25 08:02:45,379]: Status is not stopped or running 
[INFO] [2022-10-25 08:02:55,393]: Ping: Successful 
[INFO] [2022-10-25 08:04:27,314]: Login: Successful 
[INFO] [2022-10-25 08:04:27,315]: Status is not stopped or running 
[INFO] [2022-10-25 08:04:37,329]: Ping: Successful 
[INFO] [2022-10-25 08:06:09,280]: Login: Successful 
[INFO] [2022-10-25 08:06:09,280]: Status is not stopped or running 
[INFO] [2022-10-25 08:06:19,295]: Ping: Successful 
[INFO] [2022-10-25 08:07:51,253]: Login: Successful 
[INFO] [2022-10-25 08:07:51,254]: Status is not stopped or running 
[INFO] [2022-10-25 08:08:01,261]: Ping: Successful 
[INFO] [2022-10-25 08:09:15,946]: Ping: Successful 
[INFO] [2022-10-25 08:10:47,900]: Login: Successful 
[INFO] [2022-10-25 08:10:47,900]: Status is not stopped or running 
[INFO] [2022-10-25 08:10:57,911]: Unable to get variables, trying again. 
[INFO] [2022-10-25 08:11:15,856]: Failed to update clock. 
[WARNING] [2022-10-25 08:11:17,637]: Session has been stopped with Ctrl+C. 
[INFO] [2022-10-25 08:12:11,400]: Ping: Successful 
[INFO] [2022-10-25 08:13:43,352]: Login: Successful 
[INFO] [2022-10-25 08:13:43,352]: Status is not stopped or running 
[INFO] [2022-10-25 08:13:53,362]: 0 
[INFO] [2022-10-25 08:13:53,363]: Status is not stopped or running 
[INFO] [2022-10-25 08:14:03,373]: 1 
[INFO] [2022-10-25 08:14:03,373]: Status is not stopped or running 
[INFO] [2022-10-25 08:14:13,384]: 2 
[INFO] [2022-10-25 08:14:13,384]: Status is not stopped or running 
[INFO] [2022-10-25 08:14:23,394]: 3 
[INFO] [2022-10-25 08:14:23,395]: Status is not stopped or running 
[INFO] [2022-10-25 08:14:33,405]: 4 
[INFO] [2022-10-25 08:14:33,405]: Status is not stopped or running 
[INFO] [2022-10-25 08:14:43,416]: 5 
[INFO] [2022-10-25 08:14:43,416]: Status is not stopped or running 
[INFO] [2022-10-25 08:14:53,427]: 6 
[INFO] [2022-10-25 08:14:53,427]: Status is not stopped or running 
[INFO] [2022-10-25 08:15:03,437]: 7 
[INFO] [2022-10-25 08:15:03,438]: Status is not stopped or running 
[INFO] [2022-10-25 08:15:10,430]: Unable to get variables, trying again. 
[INFO] [2022-10-25 08:15:10,713]: Failed to update clock. 
[WARNING] [2022-10-25 08:15:10,774]: Session has been stopped with Ctrl+C. 
[INFO] [2022-10-25 08:23:07,986]: Ping: Successful 
[INFO] [2022-10-25 08:24:39,948]: Login: Successful 
[INFO] [2022-10-25 08:24:39,948]: Status is not stopped or running 
[INFO] [2022-10-25 08:24:39,949]: Current loop 0, waiting 10 seconds and trying again 
[INFO] [2022-10-25 08:24:49,959]: Status is not stopped or running 
[INFO] [2022-10-25 08:24:49,959]: Current loop 1, waiting 10 seconds and trying again 
[INFO] [2022-10-25 08:24:59,969]: Status is not stopped or running 
[INFO] [2022-10-25 08:24:59,970]: Current loop 2, waiting 10 seconds and trying again 
[INFO] [2022-10-25 08:25:09,980]: Status is not stopped or running 
[INFO] [2022-10-25 08:25:09,980]: Current loop 3, waiting 10 seconds and trying again 
[INFO] [2022-10-25 08:25:19,991]: Status is not stopped or running 
[INFO] [2022-10-25 08:25:19,991]: Current loop 4, waiting 10 seconds and trying again 
[INFO] [2022-10-25 08:25:30,001]: Status is not stopped or running 
[INFO] [2022-10-25 08:25:30,002]: Current loop 5, waiting 10 seconds and trying again 
[INFO] [2022-10-25 08:25:40,012]: Status is not stopped or running 
[INFO] [2022-10-25 08:25:40,012]: Current loop 6, waiting 10 seconds and trying again 
[INFO] [2022-10-25 08:25:50,023]: Status is not stopped or running 
[INFO] [2022-10-25 08:25:50,023]: Current loop 7, waiting 10 seconds and trying again 
[INFO] [2022-10-25 08:26:00,033]: Status is not stopped or running 
[INFO] [2022-10-25 08:26:00,034]: Current loop 8, waiting 10 seconds and trying again 
[INFO] [2022-10-25 08:26:10,044]: Status is not stopped or running 
[INFO] [2022-10-25 08:26:10,044]: Current loop 9, waiting 10 seconds and trying again 
[INFO] [2022-10-25 08:26:20,357]: Attempting to install image with sudo ./home/versa/packages/versa-flexvnf-20220825-091216-4459201-21.1.4-wsm.bin 
[INFO] [2022-10-25 08:26:50,477]: Installation started, Will stop script for 10 minutes, then reboot device. 
[INFO] [2022-10-25 08:37:20,808]: Attempt to upgrade after 9 failed attempts. 
[INFO] [2022-10-25 08:40:51,598]: Unable to get variables, trying again. 
[INFO] [2022-10-25 08:40:52,528]: Failed to update clock. 
[WARNING] [2022-10-25 08:40:53,373]: Session has been stopped with Ctrl+C. 
[INFO] [2022-10-25 08:41:12,151]: Ping: Successful 
[INFO] [2022-10-25 08:41:23,545]: Login: Successful 
[INFO] [2022-10-25 08:41:23,545]: All services are running 
[INFO] [2022-10-25 08:41:23,545]: SERIAL NUMBER: JAB19302045 
[INFO] [2022-10-25 08:41:23,546]: JAB19302045 has the right version: 21.1.4 
[INFO] [2022-10-25 08:41:53,576]: Device has WAN interface in correct VRF. 
[INFO] [2022-10-25 08:41:53,576]: Will stop script for 1 minutes, then shutdown device. 
[INFO] [2022-10-25 08:43:24,546]: COMPLETED JAB19302045 COMPLETED 
[INFO] [2022-10-25 08:43:24,547]: Device is shutting down, will wait 2 minutes. 
[INFO] [2022-10-25 08:43:24,547]: Created file: completed_devices/JAB19302045.log 
[INFO] [2022-10-25 08:45:12,926]: Unable to get variables, trying again. 
[INFO] [2022-10-25 08:45:13,476]: Failed to update clock. 
[WARNING] [2022-10-25 08:45:13,883]: Session has been stopped with Ctrl+C. 
[INFO] [2022-10-25 08:55:54,998]: Ping: Successful 
[INFO] [2022-10-25 08:56:03,615]: Login: Successful 
[INFO] [2022-10-25 08:56:03,616]: All services are running 
[INFO] [2022-10-25 08:56:03,617]: JAB19302045 has the wrong version: 20.2.2 
[INFO] [2022-10-25 08:56:03,617]: starting upload of image 
[INFO] [2022-10-25 08:56:23,097]:  
[INFO] [2022-10-25 08:56:23,098]: JAB19302045 Successfully uploaded versa-flexvnf-20220825-091216-4459201-21.1.4-wsm.bin to /home/versa/packages 
[INFO] [2022-10-25 08:57:04,435]: JAB19302045 Successfully started upgrade of device with versa-flexvnf-20220825-091216-4459201-21.1.4-wsm.bin. 
[INFO] [2022-10-25 08:57:04,436]: JAB19302045 Waiting 5 minutes for the device to complete upgrade. 
[INFO] [2022-10-25 09:02:04,541]: Ping: Successful 
[INFO] [2022-10-25 09:03:07,052]: Login: Successful 
[INFO] [2022-10-25 09:03:07,053]: Some services have stopped, will try again in 1 minute. 
[INFO] [2022-10-25 09:04:08,637]: Successfully updated clock  
[INFO] [2022-10-25 09:05:08,702]: Ping: Successful 
[INFO] [2022-10-25 09:05:09,311]: Login failed, will try again in 30 seconds. 
[INFO] [2022-10-25 09:05:39,346]: Ping: Successful 
[INFO] [2022-10-25 09:05:40,993]: Login: Successful 
[INFO] [2022-10-25 09:05:40,994]: Unable to get variables, trying again. 
[INFO] [2022-10-25 09:06:42,692]: Successfully updated clock  
[INFO] [2022-10-25 09:07:02,716]: Ping: Successful 
[INFO] [2022-10-25 09:07:14,944]: Login: Successful 
[INFO] [2022-10-25 09:07:14,945]: All services are running 
[INFO] [2022-10-25 09:07:14,945]: SERIAL NUMBER: JAB19302045 
[INFO] [2022-10-25 09:07:14,945]: JAB19302045 has the right version: 21.1.4 
[INFO] [2022-10-25 09:07:44,976]: Device has WAN interface in correct VRF. 
[INFO] [2022-10-25 09:07:44,977]: Will stop script for 1 minutes, then shutdown device. 
[INFO] [2022-10-25 09:09:16,331]: COMPLETED JAB19302045 COMPLETED 
[INFO] [2022-10-25 09:09:16,332]: Device is shutting down, will wait 2 minutes. 
[INFO] [2022-10-25 09:09:16,333]: Created file: completed_devices/JAB19302045.log 
[INFO] [2022-10-25 09:17:45,110]: Ping: Successful 
[INFO] [2022-10-25 09:17:45,720]: Login failed, will try again in 30 seconds. 
[INFO] [2022-10-25 09:18:16,426]: Ping: Successful 
[INFO] [2022-10-25 09:18:17,324]: Login: Successful 
[INFO] [2022-10-25 09:18:17,326]: Unable to get variables, trying again. 
[INFO] [2022-10-25 09:19:18,565]: Successfully updated clock  
[INFO] [2022-10-25 09:19:38,590]: Ping: Successful 
[INFO] [2022-10-25 09:21:10,517]: Login: Successful 
[INFO] [2022-10-25 09:21:10,518]: Status is not stopped or running 
[INFO] [2022-10-25 09:21:10,518]: Current loop 0, waiting 10 seconds and trying again 
[INFO] [2022-10-25 09:21:20,528]: Status is not stopped or running 
[INFO] [2022-10-25 09:21:20,529]: Current loop 1, waiting 10 seconds and trying again 
[INFO] [2022-10-25 09:21:30,540]: Status is not stopped or running 
[INFO] [2022-10-25 09:21:30,540]: Current loop 2, waiting 10 seconds and trying again 
[INFO] [2022-10-25 09:21:40,551]: Status is not stopped or running 
[INFO] [2022-10-25 09:21:40,551]: Current loop 3, waiting 10 seconds and trying again 
[INFO] [2022-10-25 09:21:50,562]: Status is not stopped or running 
[INFO] [2022-10-25 09:21:50,563]: Current loop 4, waiting 10 seconds and trying again 
[INFO] [2022-10-25 09:22:00,573]: Status is not stopped or running 
[INFO] [2022-10-25 09:22:00,574]: Current loop 5, waiting 10 seconds and trying again 
[INFO] [2022-10-25 09:22:10,584]: Status is not stopped or running 
[INFO] [2022-10-25 09:22:10,585]: Current loop 6, waiting 10 seconds and trying again 
[INFO] [2022-10-25 09:22:20,595]: Status is not stopped or running 
[INFO] [2022-10-25 09:22:20,596]: Current loop 7, waiting 10 seconds and trying again 
[INFO] [2022-10-25 09:22:30,606]: Status is not stopped or running 
[INFO] [2022-10-25 09:22:30,607]: Current loop 8, waiting 10 seconds and trying again 
[INFO] [2022-10-25 09:22:40,617]: Status is not stopped or running 
[INFO] [2022-10-25 09:22:40,618]: Current loop 9, waiting 10 seconds and trying again 
[INFO] [2022-10-25 09:22:50,947]: Attempting to install image with sudo ./home/versa/packages/versa-flexvnf-20220825-091216-4459201-21.1.4-wsm.bin 
[INFO] [2022-10-25 09:23:21,063]: Installation started, Will stop script for 10 minutes, then reboot device. 
[INFO] [2022-10-25 09:33:51,596]: Attempt to upgrade after 9 failed attempts. 
[INFO] [2022-10-25 09:38:51,701]: Ping: Successful 
[INFO] [2022-10-25 09:39:01,473]: Login: Successful 
[INFO] [2022-10-25 09:39:01,474]: All services are running 
[INFO] [2022-10-25 09:39:01,474]: SERIAL NUMBER: JAB19302045 
[INFO] [2022-10-25 09:39:01,475]: JAB19302045 has the right version: 21.1.4 
[INFO] [2022-10-25 09:39:31,505]: Device does not have WAN interface in correct VRF. 
[INFO] [2022-10-25 09:39:41,520]: Ping: Successful 
[INFO] [2022-10-25 09:39:50,693]: Login: Successful 
[INFO] [2022-10-25 09:39:50,694]: All services are running 
[INFO] [2022-10-25 09:39:50,694]: SERIAL NUMBER: JAB19302045 
[INFO] [2022-10-25 09:39:50,695]: JAB19302045 has the right version: 21.1.4 
[INFO] [2022-10-25 09:40:20,725]: Device does not have WAN interface in correct VRF. 
[INFO] [2022-10-25 09:40:30,740]: Ping: Successful 
[INFO] [2022-10-25 09:40:39,873]: Login: Successful 
[INFO] [2022-10-25 09:40:39,874]: All services are running 
[INFO] [2022-10-25 09:40:39,874]: SERIAL NUMBER: JAB19302045 
[INFO] [2022-10-25 09:40:39,875]: JAB19302045 has the right version: 21.1.4 
[INFO] [2022-10-25 09:41:09,905]: Device does not have WAN interface in correct VRF. 
[INFO] [2022-10-25 09:41:19,920]: Ping: Successful 
[INFO] [2022-10-25 09:41:29,236]: Login: Successful 
[INFO] [2022-10-25 09:41:29,237]: All services are running 
[INFO] [2022-10-25 09:41:29,237]: SERIAL NUMBER: JAB19302045 
[INFO] [2022-10-25 09:41:29,238]: JAB19302045 has the right version: 21.1.4 
[INFO] [2022-10-25 09:41:59,241]: Device does not have WAN interface in correct VRF. 
[INFO] [2022-10-25 09:42:09,246]: Ping: Successful 
[INFO] [2022-10-25 09:42:18,437]: Login: Successful 
[INFO] [2022-10-25 09:42:18,438]: All services are running 
[INFO] [2022-10-25 09:42:18,438]: SERIAL NUMBER: JAB19302045 
[INFO] [2022-10-25 09:42:18,439]: JAB19302045 has the right version: 21.1.4 
[INFO] [2022-10-25 09:42:48,470]: Device does not have WAN interface in correct VRF. 
[INFO] [2022-10-25 09:42:58,485]: Ping: Successful 
[INFO] [2022-10-25 09:43:07,592]: Login: Successful 
[INFO] [2022-10-25 09:43:07,592]: All services are running 
[INFO] [2022-10-25 09:43:07,592]: SERIAL NUMBER: JAB19302045 
[INFO] [2022-10-25 09:43:07,593]: JAB19302045 has the right version: 21.1.4 
[INFO] [2022-10-25 09:43:37,623]: Device does not have WAN interface in correct VRF. 
[INFO] [2022-10-25 09:43:47,638]: Ping: Successful 
[INFO] [2022-10-25 09:43:56,790]: Login: Successful 
[INFO] [2022-10-25 09:43:56,791]: All services are running 
[INFO] [2022-10-25 09:43:56,791]: SERIAL NUMBER: JAB19302045 
[INFO] [2022-10-25 09:43:56,792]: JAB19302045 has the right version: 21.1.4 
[INFO] [2022-10-25 09:44:26,822]: Device does not have WAN interface in correct VRF. 
[INFO] [2022-10-25 09:44:36,837]: Ping: Successful 
[INFO] [2022-10-25 09:44:45,972]: Login: Successful 
[INFO] [2022-10-25 09:44:45,973]: All services are running 
[INFO] [2022-10-25 09:44:45,974]: SERIAL NUMBER: JAB19302045 
[INFO] [2022-10-25 09:44:45,974]: JAB19302045 has the right version: 21.1.4 
[INFO] [2022-10-25 09:45:16,005]: Device does not have WAN interface in correct VRF. 
[INFO] [2022-10-25 09:45:26,020]: Ping: Successful 
[INFO] [2022-10-25 09:45:35,140]: Login: Successful 
[INFO] [2022-10-25 09:45:35,141]: All services are running 
[INFO] [2022-10-25 09:45:35,142]: SERIAL NUMBER: JAB19302045 
[INFO] [2022-10-25 09:45:35,142]: JAB19302045 has the right version: 21.1.4 
[INFO] [2022-10-25 09:46:18,722]: Ping: Successful 
[INFO] [2022-10-25 09:46:27,901]: Login: Successful 
[INFO] [2022-10-25 09:46:27,903]: All services are running 
[INFO] [2022-10-25 09:46:27,904]: SERIAL NUMBER: JAB19302045 
[INFO] [2022-10-25 09:46:27,904]: JAB19302045 has the right version: 21.1.4 
[INFO] [2022-10-25 09:48:05,250]: Ping: Successful 
[INFO] [2022-10-25 09:48:14,352]: Login: Successful 
[INFO] [2022-10-25 09:48:14,354]: All services are running 
[INFO] [2022-10-25 09:48:14,354]: SERIAL NUMBER: JAB19302045 
[INFO] [2022-10-25 09:48:14,355]: JAB19302045 has the right version: 21.1.4 
[INFO] [2022-10-25 09:48:44,385]: Device does not have WAN interface in correct VRF. 
[INFO] [2022-10-25 09:48:54,396]: Device does not have WAN interface in correct VRF. 
[INFO] [2022-10-25 09:49:04,407]: Device does not have WAN interface in correct VRF. 
[INFO] [2022-10-25 09:49:14,418]: Device does not have WAN interface in correct VRF. 
[INFO] [2022-10-25 09:49:24,429]: Device does not have WAN interface in correct VRF. 
[INFO] [2022-10-25 09:49:34,430]: Device does not have WAN interface in correct VRF. 
[INFO] [2022-10-25 09:49:44,440]: Device does not have WAN interface in correct VRF. 
[INFO] [2022-10-25 09:49:54,451]: Device does not have WAN interface in correct VRF. 
[INFO] [2022-10-25 09:50:04,462]: Device does not have WAN interface in correct VRF. 
[INFO] [2022-10-25 09:50:14,473]: Device does not have WAN interface in correct VRF. 
[INFO] [2022-10-25 09:50:26,452]: Successfully Reset device to solve WAN interface, waiting 2 minutes. 
[INFO] [2022-10-25 09:52:26,557]: Ping: Successful 
[INFO] [2022-10-25 09:52:37,057]: Login: Successful 
[INFO] [2022-10-25 09:52:37,057]: All services are running 
[INFO] [2022-10-25 09:52:37,058]: SERIAL NUMBER: JAB19302045 
[INFO] [2022-10-25 09:52:37,058]: JAB19302045 has the right version: 21.1.4 
[INFO] [2022-10-25 09:53:07,066]: Device has WAN interface in correct VRF. 
[INFO] [2022-10-25 09:53:07,066]: Will stop script for 1 minutes, then shutdown device. 
[INFO] [2022-10-25 09:54:38,368]: COMPLETED JAB19302045 COMPLETED 
[INFO] [2022-10-25 09:54:38,368]: Device is shutting down, will wait 2 minutes. 
[INFO] [2022-10-25 09:54:38,369]: Created file: completed_devices/JAB19302045.log 
[INFO] [2022-10-25 09:57:18,391]: Ping: Successful 
[INFO] [2022-10-25 09:57:19,003]: Login failed, will try again in 30 seconds. 
[INFO] [2022-10-25 09:57:49,025]: Ping: Successful 
[INFO] [2022-10-25 09:57:50,086]: Login: Successful 
[INFO] [2022-10-25 09:57:50,086]: Unable to get variables, trying again. 
[INFO] [2022-10-25 09:58:23,581]: Successfully updated clock  
[INFO] [2022-10-25 10:14:36,750]: Ping: Successful 
[INFO] [2022-10-25 10:14:44,517]: Login: Successful 
[INFO] [2022-10-25 10:14:44,518]: All services are running 
[INFO] [2022-10-25 10:14:44,519]: JAB19302045 has the wrong version: 20.2.2 
[INFO] [2022-10-25 10:14:44,519]: starting upload of image 
[INFO] [2022-10-25 10:15:03,212]:  
[INFO] [2022-10-25 10:15:03,213]: JAB19302045 Successfully uploaded versa-flexvnf-20220825-091216-4459201-21.1.4-wsm.bin to /home/versa/packages 
[INFO] [2022-10-25 10:15:44,559]: JAB19302045 Successfully started upgrade of device with versa-flexvnf-20220825-091216-4459201-21.1.4-wsm.bin. 
[INFO] [2022-10-25 10:15:44,560]: JAB19302045 Waiting 5 minutes for the device to complete upgrade. 
[INFO] [2022-10-25 10:20:44,590]: Ping: Successful 
[INFO] [2022-10-25 10:21:46,984]: Login: Successful 
[INFO] [2022-10-25 10:21:46,985]: Some services have stopped, will try again in 1 minute. 
[INFO] [2022-10-25 10:22:48,597]: Successfully updated clock  
[INFO] [2022-10-25 10:23:48,608]: Ping: Successful 
[INFO] [2022-10-25 10:23:49,219]: Login failed, will try again in 30 seconds. 
[INFO] [2022-10-25 10:24:19,253]: Ping: Successful 
[INFO] [2022-10-25 10:24:20,301]: Login: Successful 
[INFO] [2022-10-25 10:24:20,302]: Unable to get variables, trying again. 
[INFO] [2022-10-25 10:25:21,714]: Successfully updated clock  
[INFO] [2022-10-25 10:25:41,739]: Ping: Successful 
[INFO] [2022-10-25 10:25:53,516]: Login: Successful 
[INFO] [2022-10-25 10:25:53,517]: All services are running 
[INFO] [2022-10-25 10:25:53,517]: SERIAL NUMBER: JAB19302045 
[INFO] [2022-10-25 10:25:53,518]: JAB19302045 has the right version: 21.1.4 
[INFO] [2022-10-25 10:26:23,548]: Device does not have WAN interface in correct VRF. 
[INFO] [2022-10-25 10:26:23,549]: Current loop 0, waiting 10 seconds and trying again 
[INFO] [2022-10-25 10:26:33,559]: Device does not have WAN interface in correct VRF. 
[INFO] [2022-10-25 10:26:33,560]: Current loop 0, waiting 10 seconds and trying again 
[INFO] [2022-10-25 10:26:43,571]: Device does not have WAN interface in correct VRF. 
[INFO] [2022-10-25 10:26:43,571]: Current loop 0, waiting 10 seconds and trying again 
[INFO] [2022-10-25 10:26:53,582]: Device does not have WAN interface in correct VRF. 
[INFO] [2022-10-25 10:26:53,582]: Current loop 0, waiting 10 seconds and trying again 
[INFO] [2022-10-25 10:27:03,593]: Device does not have WAN interface in correct VRF. 
[INFO] [2022-10-25 10:27:03,593]: Current loop 0, waiting 10 seconds and trying again 
[INFO] [2022-10-25 10:27:13,604]: Device does not have WAN interface in correct VRF. 
[INFO] [2022-10-25 10:27:13,604]: Current loop 0, waiting 10 seconds and trying again 
[INFO] [2022-10-25 10:27:23,615]: Device does not have WAN interface in correct VRF. 
[INFO] [2022-10-25 10:27:23,616]: Current loop 0, waiting 10 seconds and trying again 
[INFO] [2022-10-25 10:27:33,626]: Device does not have WAN interface in correct VRF. 
[INFO] [2022-10-25 10:27:33,627]: Current loop 0, waiting 10 seconds and trying again 
[INFO] [2022-10-25 10:27:43,637]: Device does not have WAN interface in correct VRF. 
[INFO] [2022-10-25 10:27:43,638]: Current loop 0, waiting 10 seconds and trying again 
[INFO] [2022-10-25 10:27:53,648]: Device does not have WAN interface in correct VRF. 
[INFO] [2022-10-25 10:27:53,649]: Current loop 0, waiting 10 seconds and trying again 
[INFO] [2022-10-25 10:28:05,697]: Successfully Reset device to solve WAN interface, waiting 2 minutes. 
[INFO] [2022-10-25 10:30:05,802]: Ping: Successful 
[INFO] [2022-10-25 10:30:17,245]: Login: Successful 
[INFO] [2022-10-25 10:30:17,246]: All services are running 
[INFO] [2022-10-25 10:30:17,246]: SERIAL NUMBER: JAB19302045 
[INFO] [2022-10-25 10:30:17,247]: JAB19302045 has the right version: 21.1.4 
[INFO] [2022-10-25 10:30:47,277]: Device has WAN interface in correct VRF. 
[INFO] [2022-10-25 10:30:47,278]: Will stop script for 1 minutes, then shutdown device. 
[INFO] [2022-10-25 10:32:18,636]: COMPLETED JAB19302045 COMPLETED 
[INFO] [2022-10-25 10:32:18,636]: Device is shutting down, will wait 2 minutes. 
[INFO] [2022-10-25 10:32:18,637]: Created file: completed_devices/JAB19302045.log 
[INFO] [2022-10-25 11:29:44,247]: Ping: Successful 
[INFO] [2022-10-25 11:29:44,860]: Login failed, will try again in 30 seconds. 
[INFO] [2022-10-25 11:30:14,894]: Ping: Successful 
[INFO] [2022-10-25 11:30:15,795]: Login: Successful 
[INFO] [2022-10-25 11:30:15,795]: Unable to get variables, trying again. 
[INFO] [2022-10-25 11:30:48,421]: Successfully updated clock  
[INFO] [2022-10-25 11:31:08,446]: Ping: Successful 
[INFO] [2022-10-25 11:32:40,405]: Login: Successful 
[INFO] [2022-10-25 11:32:40,406]: Status is not stopped or running 
[INFO] [2022-10-25 11:32:40,406]: Current loop 0, waiting 10 seconds and trying again 
[INFO] [2022-10-25 11:32:50,417]: Status is not stopped or running 
[INFO] [2022-10-25 11:32:50,417]: Current loop 1, waiting 10 seconds and trying again 
[INFO] [2022-10-25 11:33:00,428]: Status is not stopped or running 
[INFO] [2022-10-25 11:33:00,429]: Current loop 2, waiting 10 seconds and trying again 
[INFO] [2022-10-25 11:33:10,439]: Status is not stopped or running 
[INFO] [2022-10-25 11:33:10,440]: Current loop 3, waiting 10 seconds and trying again 
[INFO] [2022-10-25 11:33:20,450]: Status is not stopped or running 
[INFO] [2022-10-25 11:33:20,450]: Current loop 4, waiting 10 seconds and trying again 
[INFO] [2022-10-25 11:33:30,460]: Status is not stopped or running 
[INFO] [2022-10-25 11:33:30,461]: Current loop 5, waiting 10 seconds and trying again 
[INFO] [2022-10-25 11:33:40,471]: Status is not stopped or running 
[INFO] [2022-10-25 11:33:40,472]: Current loop 6, waiting 10 seconds and trying again 
[INFO] [2022-10-25 11:33:50,483]: Status is not stopped or running 
[INFO] [2022-10-25 11:33:50,483]: Current loop 7, waiting 10 seconds and trying again 
[INFO] [2022-10-25 11:34:00,494]: Status is not stopped or running 
[INFO] [2022-10-25 11:34:00,494]: Current loop 8, waiting 10 seconds and trying again 
[INFO] [2022-10-25 11:34:10,505]: Status is not stopped or running 
[INFO] [2022-10-25 11:34:10,506]: Current loop 9, waiting 10 seconds and trying again 
[INFO] [2022-10-25 11:34:20,824]: Attempting to install image with sudo ./home/versa/packages/versa-flexvnf-20220825-091216-4459201-21.1.4-wsm.bin 
[INFO] [2022-10-25 11:34:50,945]: Installation started, Will stop script for 10 minutes, then reboot device. 
[INFO] [2022-10-25 11:45:21,679]: Upgrade successful, rebooting device. 
[INFO] [2022-10-25 11:46:11,707]: Ping: Successful 
[INFO] [2022-10-25 11:46:12,319]: Login failed, will try again in 30 seconds. 
[INFO] [2022-10-25 11:46:42,354]: Ping: Successful 
[INFO] [2022-10-25 11:46:43,393]: Login: Successful 
[INFO] [2022-10-25 11:46:43,393]: Unable to get variables, trying again. 
[INFO] [2022-10-25 11:47:45,375]: Successfully updated clock  
[INFO] [2022-10-25 11:48:05,400]: Ping: Successful 
[INFO] [2022-10-25 11:48:17,110]: Login: Successful 
[INFO] [2022-10-25 11:48:17,111]: All services are running 
[INFO] [2022-10-25 11:48:17,111]: SERIAL NUMBER: JAB19302045 
[INFO] [2022-10-25 11:48:17,111]: JAB19302045 has the right version: 21.1.4 
[INFO] [2022-10-25 11:48:47,118]: Device does not have WAN interface in correct VRF. 
[INFO] [2022-10-25 11:48:47,118]: Current loop 0, waiting 10 seconds and trying again 
[INFO] [2022-10-25 11:48:57,129]: Device does not have WAN interface in correct VRF. 
[INFO] [2022-10-25 11:48:57,130]: Current loop 0, waiting 10 seconds and trying again 
[INFO] [2022-10-25 11:49:07,140]: Device does not have WAN interface in correct VRF. 
[INFO] [2022-10-25 11:49:07,141]: Current loop 0, waiting 10 seconds and trying again 
[INFO] [2022-10-25 11:49:17,152]: Device does not have WAN interface in correct VRF. 
[INFO] [2022-10-25 11:49:17,153]: Current loop 0, waiting 10 seconds and trying again 
[INFO] [2022-10-25 11:49:27,163]: Device does not have WAN interface in correct VRF. 
[INFO] [2022-10-25 11:49:27,164]: Current loop 0, waiting 10 seconds and trying again 
[INFO] [2022-10-25 11:49:37,174]: Device does not have WAN interface in correct VRF. 
[INFO] [2022-10-25 11:49:37,175]: Current loop 0, waiting 10 seconds and trying again 
[INFO] [2022-10-25 11:49:47,186]: Device does not have WAN interface in correct VRF. 
[INFO] [2022-10-25 11:49:47,186]: Current loop 0, waiting 10 seconds and trying again 
[INFO] [2022-10-25 11:49:57,197]: Device does not have WAN interface in correct VRF. 
[INFO] [2022-10-25 11:49:57,198]: Current loop 0, waiting 10 seconds and trying again 
[INFO] [2022-10-25 11:50:07,208]: Device does not have WAN interface in correct VRF. 
[INFO] [2022-10-25 11:50:07,209]: Current loop 0, waiting 10 seconds and trying again 
[INFO] [2022-10-25 11:50:17,220]: Device does not have WAN interface in correct VRF. 
[INFO] [2022-10-25 11:50:17,220]: Current loop 0, waiting 10 seconds and trying again 
[INFO] [2022-10-25 11:50:29,249]: Successfully Reset device to solve WAN interface, waiting 2 minutes. 
[INFO] [2022-10-25 11:52:29,258]: Ping: Successful 
[INFO] [2022-10-25 11:52:39,778]: Login: Successful 
[INFO] [2022-10-25 11:52:39,779]: All services are running 
[INFO] [2022-10-25 11:52:39,779]: SERIAL NUMBER: JAB19302045 
[INFO] [2022-10-25 11:52:39,780]: JAB19302045 has the right version: 21.1.4 
[INFO] [2022-10-25 11:53:09,810]: Device has WAN interface in correct VRF. 
[INFO] [2022-10-25 11:53:09,811]: Will stop script for 1 minutes, then shutdown device. 
[INFO] [2022-10-25 11:54:41,176]: COMPLETED JAB19302045 COMPLETED 
[INFO] [2022-10-25 11:54:41,177]: Device is shutting down, will wait 2 minutes. 
[INFO] [2022-10-25 11:54:41,178]: Created file: completed_devices/JAB19302045.log 
