Start of file
 JAB19302045 
  vsh details
					
Software Details			 Hardware Details
  Package	      Versa FlexVNF sof    Hypervisor Type     baremetal
  Release	      21.1.4		   Manufacturer	       Versa Networks,
  Spack api version   11		   SKU Number	       CSG730-WLA
  Spack lib version   5			   Model	       CSG730
  OS version	      trusty		   Serial number       JAB19302045
  Release Type	      GA		   Hardware ID number  JAB19302045
  Release date	      20220825		   CPU model	       Intel(R) Atom(TM
  Package id	      4459201		   Number of CPUs      2
  Package name	      versa-flexvnf-202    Number of NICs      7
  Branch	      21.1.4		   Memory	       3.70GiB
  Creator	      versa		   Disk size	       59G
					   Free NICs	       0
 Security Package Details		   Free memory	       1.47GiB
   Version	       1981		   Free disk	       51G
   API Version	       11		   SSD present	       yes
   Flavor	       sample		   uCPE Platform       no
   Release Date	       2022-08-16	
   Update Type	       full		---------------------------------------
					Mode: startup
 OS Security Package Details		Days elapsed: 11 (remaining: 34)
   Version	       unknown		Active
   Update Type	       unknown		
					
 Load statistics			
   CPU Load	       2		
   Memory Load	       17		
   Load Factor	       2		
[admin@versa-flexvnf: ~]  
  
tput: unknown terminal "unknown"
versa-service          is Running,          [*] process 9600
versa-infmgr           is Running,          [-] process 8472
versa-rfd              is Running,          [-] process 8928
versa-vmod             is Running,          [-] process 9257
versa-ip2user          is Running,          [-] process 8933
versa-imgr             is Running,          [-] process 8941
versa-acctmgrd         is Running,          [-] process 8918
versa-fltrmgr          is Running,          [-] process 8482
versa-vstated          is Running,          [-] process 8478
versa-addrmgrd         is Running,          [-] process 8938
versa-rt-cli-xfm       is Running,          [-] process 8890
versa-rtd              is Running,          [-] process 9375
versa-dhcpd            is Running,          [-] process 8589
versa-eventd           is Running,          [-] process 8920
versa-vrrpd            is Running,          [-] process 8480
versa-dnsd             is Running,          [-] process 8548
versa-ppmd             is Running,          [-] process 8888
versa-snmp-xform       is Running,          [-] process 8895
versa-certd            is Running,          [-] process 9164
versa-ntpd             is Running,          [*] process 8552
versa-dhclient6        is Running,          [-] process 8899
versa-redis            is Running,          [-] process 9777
versa-av-redis         is Running,          [-] process 8192
versa-spackmgr         is Running,          [-] process 8912
versa-l2ld             is Running,          [-] process 8475
versa-l2cd             is Running,          [-] process 9121
versa-devmgr           is Running,          [-] process 9113
versa-monit            is Running,          [*] process 9137
versa-confd            is Running,          [*] process 8153
versa-fail2ban         is Running,          [*] process 9185
versa-auditd           is Running,          [*] process 9214
versa-nodejs           is Running,          [-] process 8785
[admin@versa-flexvnf: ~]  
  show interfaces brief | tab | nomore
NAME         MAC                OPER   ADMIN  TENANT  VRF                        IP              
-------------------------------------------------------------------------------------------------
eth-0/0      ac:43:30:00:38:1e  up     up     0       global                     10.10.10.10/8   
tvi-0/0      n/a                up     up     -       -                                          
tvi-0/0.0    n/a                pdown  up     1       Versa-Provider-Control-VR                  
tvi-0/1      n/a                up     up     -       -                                          
tvi-0/1.0    n/a                pdown  up     1       Versa-Provider-Control-VR                  
vni-0/0      ac:43:30:00:38:21  down   up     -       -                                          
vni-0/0.1    ac:43:30:00:38:21  down   up     1       WAN1-Transport-VR                          
vni-0/0.0    ac:43:30:00:38:21  down   up     1       WAN1-Transport-VR                          
vni-0/1      ac:43:30:00:38:22  down   up     -       -                                          
vni-0/1.1    ac:43:30:00:38:22  down   up     1       WAN1-Transport-VR                          
vni-0/1.0    ac:43:30:00:38:22  down   up     1       WAN1-Transport-VR                          
vni-0/100    02:aa:bb:cc:dd:01  down   up     -       -                                          
vni-0/100.0  02:aa:bb:cc:dd:01  down   up     1       WAN1-Transport-VR                          
vni-0/101    02:aa:bb:cc:dd:02  down   up     -       -                                          
vni-0/101.0  02:aa:bb:cc:dd:02  down   up     1       WAN1-Transport-VR                          
vni-0/102    02:aa:bb:cc:dd:03  down   down   -       -                                          
vni-0/103    02:aa:bb:cc:dd:04  down   down   -       -                                          
vni-0/2      ac:43:30:00:38:1f  down   up     -       -                                          
vni-0/2.0    ac:43:30:00:38:1f  down   up     1       global                     192.168.1.1/24  
vni-0/200    8a:71:ac:be:41:e1  up     up     -       -                                          
vni-0/200.0  8a:71:ac:be:41:e1  up     up     1       global                     192.168.0.1/24  
vni-0/201    5a:3e:f6:f2:59:5f  down   down   -       -                                          
vni-0/202    d2:80:aa:64:fb:90  down   down   -       -                                          
vni-0/203    f6:e7:d8:53:89:11  down   down   -       -                                          
vni-0/204    be:b9:93:54:91:6f  down   down   -       -                                          
vni-0/205    c2:51:f4:e7:1c:34  down   down   -       -                                          
vni-0/206    0e:91:e4:17:cf:4e  down   down   -       -                                          
vni-0/207    1e:67:15:53:b8:88  down   down   -       -                                          
vni-0/3      ac:43:30:00:38:20  down   up     -       -                                          
vni-0/3.0    ac:43:30:00:38:20  down   up     1       global                     192.168.2.1/24  
vni-0/4      ac:43:30:00:38:1d  down   up     -       -                                          
vni-0/4.1    ac:43:30:00:38:1d  down   up     1       WAN1-Transport-VR                          
vni-0/4.0    ac:43:30:00:38:1d  down   up     1       WAN1-Transport-VR                          

[ok][2022-10-25 00:05:54]
admin@versa-flexvnf-
 end of file
